timestamp: 2013-07-16T10:34:24.947452
CREATE TABLE auth_user(
    id INTEGER PRIMARY KEY AUTOINCREMENT,
    first_name CHAR(128),
    last_name CHAR(128),
    email CHAR(512),
    password CHAR(512),
    registration_key CHAR(512),
    reset_password_key CHAR(512),
    registration_id CHAR(512)
);
success!
timestamp: 2013-07-16T10:34:25.155700
CREATE TABLE auth_group(
    id INTEGER PRIMARY KEY AUTOINCREMENT,
    role CHAR(512),
    description TEXT
);
success!
timestamp: 2013-07-16T10:34:25.301672
CREATE TABLE auth_membership(
    id INTEGER PRIMARY KEY AUTOINCREMENT,
    user_id INTEGER REFERENCES auth_user (id) ON DELETE CASCADE,
    group_id INTEGER REFERENCES auth_group (id) ON DELETE CASCADE
);
success!
timestamp: 2013-07-16T10:34:25.470137
CREATE TABLE auth_permission(
    id INTEGER PRIMARY KEY AUTOINCREMENT,
    group_id INTEGER REFERENCES auth_group (id) ON DELETE CASCADE,
    name CHAR(512),
    table_name CHAR(512),
    record_id INTEGER
);
success!
timestamp: 2013-07-16T10:34:25.638290
CREATE TABLE auth_event(
    id INTEGER PRIMARY KEY AUTOINCREMENT,
    time_stamp TIMESTAMP,
    client_ip CHAR(512),
    user_id INTEGER REFERENCES auth_user (id) ON DELETE CASCADE,
    origin CHAR(512),
    description TEXT
);
success!
timestamp: 2013-07-16T10:34:25.792510
CREATE TABLE auth_cas(
    id INTEGER PRIMARY KEY AUTOINCREMENT,
    user_id INTEGER REFERENCES auth_user (id) ON DELETE CASCADE,
    created_on TIMESTAMP,
    service CHAR(512),
    ticket CHAR(512),
    renew CHAR(1)
);
success!
timestamp: 2013-07-16T10:36:13.559284
CREATE TABLE Category(
    id INTEGER PRIMARY KEY AUTOINCREMENT,
    name CHAR(512) UNIQUE
);
success!
timestamp: 2013-07-16T10:45:08.016398
CREATE TABLE Level(
    id INTEGER PRIMARY KEY AUTOINCREMENT,
    name CHAR(512) UNIQUE
);
success!
timestamp: 2013-07-16T10:45:08.243731
CREATE TABLE Programmer(
    id INTEGER PRIMARY KEY AUTOINCREMENT,
    username CHAR(512) UNIQUE,
    password CHAR(512) NOT NULL,
    level INTEGER REFERENCES Level (id) ON DELETE CASCADE
);
success!
timestamp: 2013-07-16T10:45:08.425580
CREATE TABLE Programs(
    id INTEGER PRIMARY KEY AUTOINCREMENT,
    problem_statement CHAR(512) NOT NULL,
    level INTEGER REFERENCES Level (id) ON DELETE CASCADE
);
success!
timestamp: 2013-07-16T10:45:08.615076
CREATE TABLE Admin(
    id INTEGER PRIMARY KEY AUTOINCREMENT,
    admin_name CHAR(512) UNIQUE
);
success!
DELETE FROM Programmer;
DELETE FROM sqlite_sequence WHERE name='Programmer';
success!
timestamp: 2013-07-16T23:31:21.003147
CREATE TABLE Status(
    id INTEGER PRIMARY KEY AUTOINCREMENT,
    user_id INTEGER REFERENCES Programmer (id) ON DELETE CASCADE,
    programs_id INTEGER REFERENCES Programs (id) ON DELETE CASCADE,
    solution CHAR(512),
    status CHAR(512),
    remarks CHAR(512)
);
success!
timestamp: 2013-07-17T00:10:33.958135
CREATE TABLE Status(
    id INTEGER PRIMARY KEY AUTOINCREMENT,
    user_id INTEGER REFERENCES Programmer (id) ON DELETE CASCADE,
    programs_id INTEGER REFERENCES Programs (id) ON DELETE CASCADE,
    solution CHAR(512),
    status CHAR(512),
    remarks CHAR(512)
);
timestamp: 2013-07-17T00:15:59.964142
CREATE TABLE Result(
    id INTEGER PRIMARY KEY AUTOINCREMENT,
    user_id INTEGER REFERENCES Programmer (id) ON DELETE CASCADE,
    programs_id INTEGER REFERENCES Programs (id) ON DELETE CASCADE,
    solution CHAR(512),
    status CHAR(512),
    remarks CHAR(512)
);
success!
