[2013-07-24 13:02:38] START
[2013-07-24 22:08:56] EDIT Raw_data/models/db.py: 5
[2013-07-24 22:09:13] EDIT Raw_data/models/db.py: 0
[2013-07-24 22:10:08] CREATE default/taxer.html: 0
[2013-07-24 22:10:26] EDIT Raw_data/views/default/taxer.html: -2
[2013-07-24 22:13:16] EDIT Raw_data/controllers/default.py: 1
[2013-07-24 22:13:26] EDIT Raw_data/controllers/default.py: 1
[2013-07-24 22:14:27] EDIT Raw_data/controllers/default.py: 3
[2013-07-24 22:15:01] EDIT Raw_data/controllers/default.py: 0
[2013-07-24 22:15:05] EDIT Raw_data/controllers/default.py: 0
[2013-07-24 22:15:38] EDIT Raw_data/views/default/taxer.html: 1
[2013-07-24 22:24:35] EDIT Raw_data/controllers/default.py: 1
[2013-07-24 22:26:58] EDIT Raw_data/controllers/default.py: 0
[2013-07-24 22:27:15] EDIT Raw_data/controllers/default.py: 0
[2013-07-24 22:31:33] EDIT Raw_data/controllers/default.py: 0
[2013-07-24 22:31:51] EDIT Raw_data/controllers/default.py: 0
[2013-07-24 22:34:11] EDIT Raw_data/controllers/default.py: -2
[2013-07-24 22:34:16] EDIT Raw_data/controllers/default.py: 0
[2013-07-24 22:35:13] EDIT Raw_data/controllers/default.py: 1
[2013-07-24 22:38:13] EDIT Raw_data/controllers/default.py: -1
[2013-07-24 22:38:46] EDIT Raw_data/controllers/default.py: 1
[2013-07-24 22:39:16] EDIT Raw_data/controllers/default.py: 0
[2013-07-24 22:39:17] EDIT Raw_data/controllers/default.py: 0
[2013-07-24 22:42:50] EDIT Raw_data/controllers/default.py: 1
[2013-07-24 22:43:17] EDIT Raw_data/controllers/default.py: 0
[2013-07-24 22:43:39] EDIT Raw_data/controllers/default.py: -3
[2013-07-24 22:45:40] EDIT Raw_data/controllers/default.py: 1
[2013-07-24 22:45:55] EDIT Raw_data/controllers/default.py: 0
[2013-07-24 22:47:48] EDIT Raw_data/controllers/default.py: 1
[2013-07-24 22:49:09] EDIT Raw_data/controllers/default.py: 2
[2013-07-24 22:49:10] EDIT Raw_data/controllers/default.py: 0
[2013-07-24 22:50:52] EDIT Raw_data/controllers/default.py: 1
[2013-07-24 22:51:23] EDIT Raw_data/controllers/default.py: 0
[2013-07-24 22:51:45] EDIT Raw_data/controllers/default.py: 0
[2013-07-24 22:51:46] EDIT Raw_data/controllers/default.py: 0
[2013-07-24 22:54:53] EDIT Raw_data/views/default/taxer.html: 12
[2013-07-24 22:54:54] EDIT Raw_data/views/default/taxer.html: 0
[2013-07-24 22:55:44] EDIT Raw_data/views/default/taxer.html: 0
[2013-07-24 22:56:04] EDIT Raw_data/views/default/taxer.html: 1
[2013-07-24 22:57:14] EDIT Raw_data/views/default/taxer.html: 3
[2013-07-24 22:58:35] EDIT Raw_data/views/default/taxer.html: 0
[2013-07-24 22:59:32] EDIT Raw_data/views/default/taxer.html: 1
[2013-07-24 23:04:34] EDIT Raw_data/controllers/default.py: -1
[2013-07-24 23:07:23] EDIT Raw_data/views/default/taxer.html: 0
[2013-07-24 23:07:53] EDIT Raw_data/views/default/taxer.html: 0
[2013-07-24 23:40:50] EDIT Raw_data/controllers/default.py: 1
[2013-07-24 23:42:33] EDIT Raw_data/models/db.py: 0
[2013-07-24 23:43:19] EDIT Raw_data/views/default/taxer.html: 0
[2013-07-24 23:45:02] EDIT Raw_data/controllers/default.py: -1
[2013-07-24 23:49:35] EDIT Raw_data/models/db.py: 5
[2013-07-24 23:53:04] EDIT Raw_data/controllers/default.py: 6
[2013-07-24 23:54:56] EDIT Raw_data/controllers/default.py: 6
[2013-07-24 23:54:57] EDIT Raw_data/controllers/default.py: 0
[2013-07-24 23:55:33] CREATE default/insert_number.html: 0
[2013-07-24 23:56:22] EDIT Raw_data/models/db.py: 0
[2013-07-24 23:57:42] EDIT Raw_data/models/db.py: 0
[2013-07-24 23:58:21] EDIT Raw_data/controllers/default.py: 0
[2013-07-24 23:58:27] EDIT Raw_data/controllers/default.py: 0
[2013-07-24 23:58:44] EDIT Raw_data/controllers/default.py: 0
[2013-07-24 23:58:49] EDIT Raw_data/controllers/default.py: 0
[2013-07-25 00:04:21] EDIT Raw_data/views/default/taxer.html: 0
[2013-07-25 00:05:30] EDIT Raw_data/views/default/taxer.html: 0
[2013-07-25 00:05:38] EDIT Raw_data/views/default/taxer.html: 0
[2013-07-25 00:11:40] EDIT Raw_data/controllers/default.py: 0
[2013-07-25 00:12:17] EDIT Raw_data/views/default/taxer.html: 0
[2013-07-25 00:20:39] EDIT Raw_data/controllers/default.py: 0
[2013-07-25 00:21:15] EDIT Raw_data/controllers/default.py: 0
[2013-07-25 00:21:36] EDIT Raw_data/views/default/taxer.html: 0
[2013-07-25 00:22:18] EDIT Raw_data/controllers/default.py: 0
[2013-07-25 00:22:19] EDIT Raw_data/controllers/default.py: 0
[2013-07-25 10:10:41] EDIT Raw_data/models/db.py: 0
[2013-07-25 10:10:50] EDIT Raw_data/models/db.py: 0
[2013-07-25 10:41:59] EDIT Raw_data/views/default/taxer.html: 1
[2013-07-25 10:45:35] EDIT Raw_data/views/default/taxer.html: 0
[2013-07-25 10:45:49] EDIT Raw_data/views/default/taxer.html: 0
[2013-07-25 10:50:53] EDIT Raw_data/views/default/taxer.html: 1
[2013-07-25 10:51:25] EDIT Raw_data/views/default/taxer.html: 0
