[2013-07-16 10:30:55] START
[2013-07-16 10:34:14] EDIT ProPy_CRUD/models/db.py: 23
[2013-07-16 10:36:09] EDIT ProPy_CRUD/models/db.py: 0
[2013-07-16 10:37:04] EDIT ProPy_CRUD/models/db.py: -26
[2013-07-16 10:44:50] EDIT ProPy_CRUD/models/db.py: 1
[2013-07-16 10:44:59] EDIT ProPy_CRUD/models/db.py: 0
[2013-07-16 10:46:03] EDIT ProPy_CRUD/controllers/default.py: -47
[2013-07-16 10:46:59] EDIT ProPy_CRUD/views/default/index.html: -27
[2013-07-16 10:49:07] EDIT ProPy_CRUD/views/default/index.html: 3
[2013-07-16 10:49:23] EDIT ProPy_CRUD/views/default/index.html: -1
[2013-07-16 10:49:41] EDIT ProPy_CRUD/views/default/index.html: 0
[2013-07-16 10:50:31] EDIT ProPy_CRUD/views/default/index.html: 0
[2013-07-16 10:51:05] CREATE default/login.html: 0
[2013-07-16 10:51:28] CREATE default/home.html: 0
[2013-07-16 10:52:10] CREATE default/options.html: 0
[2013-07-16 10:53:35] EDIT ProPy_CRUD/views/default/index.html: 1
[2013-07-16 10:54:49] EDIT ProPy_CRUD/controllers/default.py: 9
[2013-07-16 10:55:24] EDIT ProPy_CRUD/views/default/login.html: -2
[2013-07-16 10:55:30] EDIT ProPy_CRUD/views/default/login.html: 1
[2013-07-16 10:56:17] EDIT ProPy_CRUD/views/default/login.html: 3
[2013-07-16 10:56:54] EDIT ProPy_CRUD/views/default/login.html: 3
[2013-07-16 10:57:24] EDIT ProPy_CRUD/views/default/login.html: 0
[2013-07-16 10:57:39] EDIT ProPy_CRUD/views/default/login.html: 0
[2013-07-16 10:57:49] EDIT ProPy_CRUD/views/default/login.html: 0
[2013-07-16 10:58:42] EDIT ProPy_CRUD/views/default/login.html: 0
[2013-07-16 11:06:35] EDIT ProPy_CRUD/views/default/login.html: 0
[2013-07-16 11:06:48] EDIT ProPy_CRUD/views/default/login.html: 0
[2013-07-16 11:07:29] EDIT ProPy_CRUD/views/default/login.html: 0
[2013-07-16 11:13:00] EDIT ProPy_CRUD/controllers/default.py: 10
[2013-07-16 11:14:06] EDIT ProPy_CRUD/controllers/default.py: 2
[2013-07-16 11:15:15] EDIT ProPy_CRUD/controllers/default.py: 2
[2013-07-16 11:19:21] EDIT ProPy_CRUD/controllers/default.py: 4
[2013-07-16 11:20:57] EDIT ProPy_CRUD/controllers/default.py: 4
[2013-07-16 11:21:07] EDIT ProPy_CRUD/controllers/default.py: 0
[2013-07-16 11:25:11] EDIT ProPy_CRUD/controllers/default.py: 6
[2013-07-16 11:26:30] EDIT ProPy_CRUD/controllers/default.py: 3
[2013-07-16 11:27:52] EDIT ProPy_CRUD/models/db.py: 1
[2013-07-16 11:27:53] EDIT ProPy_CRUD/models/db.py: 0
[2013-07-16 11:28:41] EDIT ProPy_CRUD/models/db.py: 0
[2013-07-16 11:33:04] EDIT ProPy_CRUD/models/db.py: 4
[2013-07-16 11:39:50] EDIT ProPy_CRUD/models/db.py: 3
[2013-07-16 11:40:19] EDIT ProPy_CRUD/models/db.py: 1
[2013-07-16 15:40:19] EDIT ProPy_CRUD/controllers/default.py: 0
[2013-07-16 15:42:26] EDIT ProPy_CRUD/controllers/default.py: 0
[2013-07-16 15:44:06] EDIT ProPy_CRUD/controllers/default.py: -1
[2013-07-16 15:44:44] EDIT ProPy_CRUD/controllers/default.py: 1
[2013-07-16 15:44:50] EDIT ProPy_CRUD/controllers/default.py: 0
[2013-07-16 15:46:09] EDIT ProPy_CRUD/controllers/default.py: -1
[2013-07-16 15:48:19] EDIT ProPy_CRUD/controllers/default.py: 6
[2013-07-16 15:48:47] EDIT ProPy_CRUD/controllers/default.py: 1
[2013-07-16 15:54:06] EDIT ProPy_CRUD/controllers/default.py: 6
[2013-07-16 15:56:00] EDIT ProPy_CRUD/controllers/default.py: 0
[2013-07-16 15:56:07] EDIT ProPy_CRUD/controllers/default.py: 1
[2013-07-16 15:57:35] EDIT ProPy_CRUD/controllers/default.py: 2
[2013-07-16 15:57:44] EDIT ProPy_CRUD/controllers/default.py: 0
[2013-07-16 15:58:19] EDIT ProPy_CRUD/controllers/default.py: 1
[2013-07-16 16:00:27] EDIT ProPy_CRUD/controllers/default.py: 0
[2013-07-16 16:01:27] EDIT ProPy_CRUD/controllers/default.py: 2
[2013-07-16 16:01:31] EDIT ProPy_CRUD/controllers/default.py: 0
[2013-07-16 16:05:50] EDIT ProPy_CRUD/controllers/default.py: 3
[2013-07-16 16:06:00] EDIT ProPy_CRUD/controllers/default.py: 0
[2013-07-16 16:06:30] EDIT ProPy_CRUD/controllers/default.py: -1
[2013-07-16 16:06:38] EDIT ProPy_CRUD/controllers/default.py: 0
[2013-07-16 16:06:52] EDIT ProPy_CRUD/controllers/default.py: 1
[2013-07-16 16:06:59] EDIT ProPy_CRUD/controllers/default.py: -1
[2013-07-16 16:07:16] EDIT ProPy_CRUD/controllers/default.py: 0
[2013-07-16 16:09:40] EDIT ProPy_CRUD/controllers/default.py: -1
[2013-07-16 16:09:55] EDIT ProPy_CRUD/controllers/default.py: 1
[2013-07-16 16:10:05] EDIT ProPy_CRUD/controllers/default.py: 0
[2013-07-16 16:10:12] EDIT ProPy_CRUD/controllers/default.py: -1
[2013-07-16 16:11:02] EDIT ProPy_CRUD/controllers/default.py: 0
[2013-07-16 16:11:30] EDIT ProPy_CRUD/controllers/default.py: 1
[2013-07-16 16:11:40] EDIT ProPy_CRUD/controllers/default.py: -1
[2013-07-16 16:11:48] EDIT ProPy_CRUD/controllers/default.py: 1
[2013-07-16 16:11:57] EDIT ProPy_CRUD/controllers/default.py: 0
[2013-07-16 16:12:56] EDIT ProPy_CRUD/controllers/default.py: 0
[2013-07-16 16:14:44] EDIT ProPy_CRUD/controllers/default.py: 0
[2013-07-16 16:15:11] EDIT ProPy_CRUD/controllers/default.py: 0
[2013-07-16 16:16:21] EDIT ProPy_CRUD/views/default/options.html: 0
[2013-07-16 16:16:42] EDIT ProPy_CRUD/views/default/options.html: 3
[2013-07-16 16:26:34] EDIT ProPy_CRUD/views/default/options.html: 1
[2013-07-16 16:26:58] EDIT ProPy_CRUD/views/default/options.html: -1
[2013-07-16 16:43:02] EDIT ProPy_CRUD/controllers/default.py: 2
[2013-07-16 16:45:08] EDIT ProPy_CRUD/controllers/default.py: 0
[2013-07-16 16:45:41] EDIT ProPy_CRUD/controllers/default.py: 0
[2013-07-16 16:51:38] EDIT ProPy_CRUD/controllers/default.py: 0
[2013-07-16 16:53:08] EDIT ProPy_CRUD/controllers/default.py: 0
[2013-07-16 16:53:47] EDIT ProPy_CRUD/controllers/default.py: 0
[2013-07-16 16:54:32] EDIT ProPy_CRUD/controllers/default.py: 0
[2013-07-16 17:02:59] EDIT ProPy_CRUD/controllers/default.py: 0
[2013-07-16 17:03:17] EDIT ProPy_CRUD/controllers/default.py: 1
[2013-07-16 17:05:11] EDIT ProPy_CRUD/controllers/default.py: 0
[2013-07-16 17:16:53] EDIT ProPy_CRUD/controllers/default.py: 1
[2013-07-16 17:17:44] EDIT ProPy_CRUD/controllers/default.py: 1
[2013-07-16 17:18:06] EDIT ProPy_CRUD/controllers/default.py: 1
[2013-07-16 17:32:22] EDIT ProPy_CRUD/controllers/default.py: 3
[2013-07-16 17:32:27] EDIT ProPy_CRUD/controllers/default.py: 0
[2013-07-16 17:32:39] EDIT ProPy_CRUD/controllers/default.py: 0
[2013-07-16 17:34:25] EDIT ProPy_CRUD/controllers/default.py: 0
[2013-07-16 17:34:40] EDIT ProPy_CRUD/controllers/default.py: 0
[2013-07-16 17:35:02] EDIT ProPy_CRUD/controllers/default.py: 0
[2013-07-16 17:35:06] EDIT ProPy_CRUD/controllers/default.py: 1
[2013-07-16 17:35:37] EDIT ProPy_CRUD/controllers/default.py: 1
[2013-07-16 17:36:36] EDIT ProPy_CRUD/controllers/default.py: 0
[2013-07-16 17:37:22] EDIT ProPy_CRUD/controllers/default.py: 0
[2013-07-16 17:38:39] EDIT ProPy_CRUD/controllers/default.py: 0
[2013-07-16 17:38:56] EDIT ProPy_CRUD/models/db.py: 0
[2013-07-16 17:39:46] EDIT ProPy_CRUD/controllers/default.py: 0
[2013-07-16 17:40:55] EDIT ProPy_CRUD/controllers/default.py: 0
[2013-07-16 17:41:39] EDIT ProPy_CRUD/controllers/default.py: 0
[2013-07-16 17:42:15] EDIT ProPy_CRUD/controllers/default.py: -1
[2013-07-16 17:42:28] EDIT ProPy_CRUD/controllers/default.py: -1
[2013-07-16 17:44:21] EDIT ProPy_CRUD/controllers/default.py: 1
[2013-07-16 17:44:27] EDIT ProPy_CRUD/controllers/default.py: 0
[2013-07-16 17:46:19] EDIT ProPy_CRUD/controllers/default.py: -5
[2013-07-16 17:47:12] EDIT ProPy_CRUD/controllers/default.py: 2
[2013-07-16 17:47:18] EDIT ProPy_CRUD/controllers/default.py: 0
[2013-07-16 17:48:54] EDIT ProPy_CRUD/controllers/default.py: 4
[2013-07-16 17:49:01] EDIT ProPy_CRUD/controllers/default.py: 0
[2013-07-16 17:50:18] EDIT ProPy_CRUD/controllers/default.py: 0
[2013-07-16 17:50:23] EDIT ProPy_CRUD/controllers/default.py: 0
[2013-07-16 17:52:29] EDIT ProPy_CRUD/controllers/default.py: 3
[2013-07-16 17:58:14] EDIT ProPy_CRUD/views/default/home.html: 0
[2013-07-16 17:58:39] EDIT ProPy_CRUD/views/default/home.html: 0
[2013-07-16 17:59:07] EDIT ProPy_CRUD/views/default/home.html: -1
[2013-07-16 18:00:09] EDIT ProPy_CRUD/views/default/home.html: 0
[2013-07-16 18:00:47] EDIT ProPy_CRUD/views/default/home.html: 0
[2013-07-16 18:01:23] EDIT ProPy_CRUD/views/default/home.html: 0
[2013-07-16 18:25:32] EDIT ProPy_CRUD/models/db.py: 2
[2013-07-16 18:25:44] EDIT ProPy_CRUD/models/db.py: 1
[2013-07-16 21:48:57] EDIT ProPy_CRUD/models/db.py: 8
[2013-07-16 21:49:03] EDIT ProPy_CRUD/models/db.py: 1
[2013-07-16 23:27:56] EDIT ProPy_CRUD/controllers/default.py: 1
[2013-07-16 23:30:55] EDIT ProPy_CRUD/controllers/default.py: 1
[2013-07-16 23:44:01] EDIT ProPy_CRUD/controllers/default.py: 3
[2013-07-16 23:44:30] EDIT ProPy_CRUD/controllers/default.py: 1
[2013-07-16 23:45:57] EDIT ProPy_CRUD/controllers/default.py: 1
[2013-07-16 23:46:02] EDIT ProPy_CRUD/controllers/default.py: 0
[2013-07-16 23:47:29] EDIT ProPy_CRUD/controllers/default.py: 2
[2013-07-16 23:47:45] EDIT ProPy_CRUD/controllers/default.py: 0
[2013-07-16 23:48:14] EDIT ProPy_CRUD/controllers/default.py: 1
[2013-07-16 23:48:28] EDIT ProPy_CRUD/controllers/default.py: 0
[2013-07-17 00:03:55] CREATE default/upload_data.html: 0
[2013-07-17 00:04:25] CREATE default/Manage_data.html: 0
[2013-07-17 00:04:46] CREATE default/admin.html: 0
[2013-07-17 00:05:35] CREATE default/userlist.html: 0
[2013-07-17 00:05:59] EDIT ProPy_CRUD/models/db.py: 0
[2013-07-17 00:10:30] EDIT ProPy_CRUD/views/default/admin.html: 1
[2013-07-17 00:11:36] EDIT ProPy_CRUD/models/db.py: 0
[2013-07-17 00:12:19] EDIT ProPy_CRUD/views/default/upload_data.html: 0
[2013-07-17 00:12:21] EDIT ProPy_CRUD/views/default/upload_data.html: 0
[2013-07-17 00:15:57] EDIT ProPy_CRUD/views/default/home.html: 5
[2013-07-17 00:17:02] EDIT ProPy_CRUD/controllers/default.py: 2
[2013-07-17 00:17:56] EDIT ProPy_CRUD/controllers/default.py: 1
[2013-07-17 00:20:17] EDIT ProPy_CRUD/models/db.py: 0
[2013-07-17 00:22:00] EDIT ProPy_CRUD/controllers/default.py: 1
[2013-07-17 00:25:21] EDIT ProPy_CRUD/controllers/default.py: 3
[2013-07-17 00:25:56] EDIT ProPy_CRUD/controllers/default.py: 0
[2013-07-17 00:26:49] EDIT ProPy_CRUD/controllers/default.py: 2
[2013-07-17 00:31:01] EDIT ProPy_CRUD/controllers/default.py: 1
