[2015-06-05 22:39:24] START
[2015-06-05 22:59:03] EDIT sample_app/models/db.py: 0
[2015-06-05 22:59:08] EDIT sample_app/models/db.py: 0
[2015-06-05 23:00:08] EDIT sample_app/models/db.py: 10
[2015-06-05 23:06:49] EDIT sample_app/controllers/default.py: 1
[2015-06-05 23:07:42] EDIT sample_app/controllers/default.py: 1
[2015-06-05 23:08:46] EDIT sample_app/views/default/index.html: -30
[2015-06-05 23:10:47] EDIT sample_app/controllers/default.py: 0
[2015-06-05 23:11:15] EDIT sample_app/controllers/default.py: 0
[2015-06-05 23:19:27] EDIT sample_app/controllers/default.py: 0
[2015-06-06 00:39:27] EDIT sample_app/controllers/default.py: 3
[2015-06-06 00:39:49] EDIT sample_app/controllers/default.py: 1
[2015-06-06 00:40:31] EDIT sample_app/controllers/default.py: 0
[2015-06-06 00:41:32] EDIT sample_app/controllers/default.py: 1
[2015-06-06 00:41:39] EDIT sample_app/controllers/default.py: 0
[2015-06-06 00:42:04] EDIT sample_app/controllers/default.py: 0
[2015-06-06 00:42:05] EDIT sample_app/controllers/default.py: 0
[2015-06-06 00:59:23] EDIT sample_app/views/layout.html: 13
[2015-06-07 13:05:01] EDIT sample_app/controllers/default.py: 29
[2015-06-07 13:05:56] EDIT sample_app/controllers/default.py: 0
[2015-06-07 13:07:38] EDIT sample_app/controllers/default.py: 0
[2015-06-07 13:08:03] EDIT sample_app/controllers/default.py: 0
[2015-06-07 13:08:21] EDIT sample_app/controllers/default.py: 0
[2015-06-07 13:09:19] EDIT sample_app/controllers/default.py: -1
[2015-06-07 13:10:22] EDIT sample_app/controllers/default.py: 1
[2015-06-07 13:10:25] EDIT sample_app/controllers/default.py: 0
[2015-06-07 13:12:12] EDIT sample_app/controllers/default.py: 0
[2015-06-07 13:27:57] EDIT sample_app/controllers/default.py: 2
[2015-06-07 13:29:44] EDIT sample_app/controllers/default.py: 4
[2015-06-07 13:34:44] EDIT sample_app/controllers/default.py: 1
